<?xml version="1.0" encoding="UTF-8"?>
<testsuite xmlns:xsi="http://www.w3.org/2001/XMLSchema-instance" xsi:noNamespaceSchemaLocation="https://maven.apache.org/surefire/maven-surefire-plugin/xsd/surefire-test-report.xsd" name="CucumberOptions.TestRunner" time="2.027" tests="5" errors="0" skipped="0" failures="0">
  <properties>
[...]
</properties>
  <testcase name="Given User is on Netbanking landing page" classname="Scenario: " time="0.003"/>
  <testcase name="When User login with username and password" classname="Scenario: " time="0.002"/>
  <testcase name="Then Home page is populated" classname="Scenario: " time="0.004"/>
  <testcase name="And Cards should display" classname="Scenario: " time="0"/>
  <testcase name="Scenario: " classname="Scenario: " time="0.007"/>
</testsuite>